<?xml version="1.0" encoding="UTF-8"?>
<coverage generated="1639389165497" clover="3.2.0">
  <project timestamp="1639389165498" name="All files">
    <metrics statements="162" coveredstatements="101" conditionals="53" coveredconditionals="36" methods="62" coveredmethods="21" elements="277" coveredelements="158" complexity="0" loc="162" ncloc="162" packages="4" files="13" classes="13"/>
    <package name="src">
      <metrics statements="23" coveredstatements="12" conditionals="4" coveredconditionals="0" methods="3" coveredmethods="1"/>
      <file name="App.tsx" path="/home/runner/work/tms-ui/tms-ui/src/App.tsx">
        <metrics statements="1" coveredstatements="1" conditionals="0" coveredconditionals="0" methods="1" coveredmethods="1"/>
        <line num="9" count="1" type="stmt"/>
      </file>
      <file name="index.tsx" path="/home/runner/work/tms-ui/tms-ui/src/index.tsx">
        <metrics statements="3" coveredstatements="0" conditionals="0" coveredconditionals="0" methods="0" coveredmethods="0"/>
        <line num="16" count="0" type="stmt"/>
        <line num="18" count="0" type="stmt"/>
        <line num="30" count="0" type="stmt"/>
      </file>
      <file name="reportWebVitals.ts" path="/home/runner/work/tms-ui/tms-ui/src/reportWebVitals.ts">
        <metrics statements="8" coveredstatements="0" conditionals="4" coveredconditionals="0" methods="2" coveredmethods="0"/>
        <line num="3" count="0" type="stmt"/>
        <line num="4" count="0" type="cond" truecount="0" falsecount="4"/>
        <line num="5" count="0" type="stmt"/>
        <line num="6" count="0" type="stmt"/>
        <line num="7" count="0" type="stmt"/>
        <line num="8" count="0" type="stmt"/>
        <line num="9" count="0" type="stmt"/>
        <line num="10" count="0" type="stmt"/>
      </file>
      <file name="type.ts" path="/home/runner/work/tms-ui/tms-ui/src/type.ts">
        <metrics statements="11" coveredstatements="11" conditionals="0" coveredconditionals="0" methods="0" coveredmethods="0"/>
        <line num="3" count="2" type="stmt"/>
        <line num="4" count="2" type="stmt"/>
        <line num="5" count="2" type="stmt"/>
        <line num="6" count="2" type="stmt"/>
        <line num="7" count="2" type="stmt"/>
        <line num="8" count="2" type="stmt"/>
        <line num="9" count="2" type="stmt"/>
        <line num="10" count="2" type="stmt"/>
        <line num="11" count="2" type="stmt"/>
        <line num="12" count="2" type="stmt"/>
        <line num="13" count="2" type="stmt"/>
      </file>
    </package>
    <package name="src.components">
      <metrics statements="61" coveredstatements="42" conditionals="30" coveredconditionals="21" methods="29" coveredmethods="17"/>
      <file name="ActivityItem.tsx" path="/home/runner/work/tms-ui/tms-ui/src/components/ActivityItem.tsx">
        <metrics statements="12" coveredstatements="10" conditionals="4" coveredconditionals="3" methods="6" coveredmethods="5"/>
        <line num="29" count="4" type="stmt"/>
        <line num="30" count="4" type="cond" truecount="1" falsecount="1"/>
        <line num="31" count="0" type="stmt"/>
        <line num="33" count="4" type="stmt"/>
        <line num="36" count="4" type="stmt"/>
        <line num="37" count="1" type="stmt"/>
        <line num="41" count="1" type="stmt"/>
        <line num="44" count="4" type="stmt"/>
        <line num="45" count="12" type="cond" truecount="2" falsecount="0"/>
        <line num="50" count="4" type="stmt"/>
        <line num="77" count="1" type="stmt"/>
        <line num="83" count="0" type="stmt"/>
      </file>
      <file name="ActivityList.tsx" path="/home/runner/work/tms-ui/tms-ui/src/components/ActivityList.tsx">
        <metrics statements="5" coveredstatements="4" conditionals="7" coveredconditionals="6" methods="4" coveredmethods="3"/>
        <line num="46" count="3" type="stmt"/>
        <line num="47" count="3" type="stmt"/>
        <line num="52" count="0" type="stmt"/>
        <line num="56" count="3" type="stmt"/>
        <line num="74" count="1" type="stmt"/>
      </file>
      <file name="Header.tsx" path="/home/runner/work/tms-ui/tms-ui/src/components/Header.tsx">
        <metrics statements="3" coveredstatements="0" conditionals="0" coveredconditionals="0" methods="2" coveredmethods="0"/>
        <line num="19" count="0" type="stmt"/>
        <line num="20" count="0" type="stmt"/>
        <line num="25" count="0" type="stmt"/>
      </file>
      <file name="NewActivity.tsx" path="/home/runner/work/tms-ui/tms-ui/src/components/NewActivity.tsx">
        <metrics statements="41" coveredstatements="28" conditionals="19" coveredconditionals="12" methods="17" coveredmethods="9"/>
        <line num="60" count="0" type="cond" truecount="0" falsecount="4"/>
        <line num="61" count="0" type="stmt"/>
        <line num="62" count="0" type="cond" truecount="0" falsecount="2"/>
        <line num="63" count="0" type="stmt"/>
        <line num="65" count="0" type="stmt"/>
        <line num="72" count="3" type="stmt"/>
        <line num="73" count="3" type="stmt"/>
        <line num="75" count="3" type="stmt"/>
        <line num="87" count="3" type="stmt"/>
        <line num="88" count="1" type="stmt"/>
        <line num="94" count="1" type="stmt"/>
        <line num="95" count="1" type="stmt"/>
        <line num="96" count="1" type="stmt"/>
        <line num="103" count="3" type="stmt"/>
        <line num="104" count="7" type="stmt"/>
        <line num="111" count="3" type="stmt"/>
        <line num="112" count="1" type="stmt"/>
        <line num="113" count="1" type="stmt"/>
        <line num="122" count="3" type="stmt"/>
        <line num="123" count="2" type="stmt"/>
        <line num="132" count="3" type="stmt"/>
        <line num="134" count="3" type="cond" truecount="1" falsecount="1"/>
        <line num="135" count="0" type="stmt"/>
        <line num="137" count="3" type="stmt"/>
        <line num="139" count="3" type="stmt"/>
        <line num="140" count="3" type="cond" truecount="4" falsecount="0"/>
        <line num="141" count="1" type="stmt"/>
        <line num="143" count="3" type="stmt"/>
        <line num="149" count="3" type="stmt"/>
        <line num="150" count="0" type="stmt"/>
        <line num="158" count="3" type="stmt"/>
        <line num="159" count="3" type="stmt"/>
        <line num="166" count="0" type="stmt"/>
        <line num="176" count="3" type="stmt"/>
        <line num="177" count="6" type="stmt"/>
        <line num="183" count="0" type="stmt"/>
        <line num="193" count="9" type="stmt"/>
        <line num="218" count="0" type="stmt"/>
        <line num="235" count="0" type="stmt"/>
        <line num="238" count="0" type="stmt"/>
        <line num="244" count="0" type="stmt"/>
      </file>
    </package>
    <package name="src.containers">
      <metrics statements="14" coveredstatements="6" conditionals="0" coveredconditionals="0" methods="11" coveredmethods="0"/>
      <file name="ActivityList.ts" path="/home/runner/work/tms-ui/tms-ui/src/containers/ActivityList.ts">
        <metrics statements="6" coveredstatements="2" conditionals="0" coveredconditionals="0" methods="5" coveredmethods="0"/>
        <line num="8" count="1" type="stmt"/>
        <line num="13" count="1" type="stmt"/>
        <line num="14" count="0" type="stmt"/>
        <line num="15" count="0" type="stmt"/>
        <line num="16" count="0" type="stmt"/>
        <line num="17" count="0" type="stmt"/>
      </file>
      <file name="Header.tsx" path="/home/runner/work/tms-ui/tms-ui/src/containers/Header.tsx">
        <metrics statements="4" coveredstatements="2" conditionals="0" coveredconditionals="0" methods="3" coveredmethods="0"/>
        <line num="7" count="1" type="stmt"/>
        <line num="11" count="1" type="stmt"/>
        <line num="12" count="0" type="stmt"/>
        <line num="13" count="0" type="stmt"/>
      </file>
      <file name="NewActivity.ts" path="/home/runner/work/tms-ui/tms-ui/src/containers/NewActivity.ts">
        <metrics statements="4" coveredstatements="2" conditionals="0" coveredconditionals="0" methods="3" coveredmethods="0"/>
        <line num="8" count="1" type="stmt"/>
        <line num="14" count="1" type="stmt"/>
        <line num="15" count="0" type="stmt"/>
        <line num="16" count="0" type="stmt"/>
      </file>
    </package>
    <package name="src.store">
      <metrics statements="64" coveredstatements="41" conditionals="19" coveredconditionals="15" methods="19" coveredmethods="3"/>
      <file name="actionCreators.ts" path="/home/runner/work/tms-ui/tms-ui/src/store/actionCreators.ts">
        <metrics statements="25" coveredstatements="5" conditionals="2" coveredconditionals="0" methods="15" coveredmethods="0"/>
        <line num="23" count="1" type="stmt"/>
        <line num="24" count="0" type="stmt"/>
        <line num="25" count="0" type="stmt"/>
        <line num="26" count="0" type="stmt"/>
        <line num="27" count="0" type="stmt"/>
        <line num="38" count="1" type="stmt"/>
        <line num="39" count="0" type="stmt"/>
        <line num="40" count="0" type="stmt"/>
        <line num="42" count="0" type="cond" truecount="0" falsecount="2"/>
        <line num="43" count="0" type="stmt"/>
        <line num="54" count="1" type="stmt"/>
        <line num="55" count="0" type="stmt"/>
        <line num="56" count="0" type="stmt"/>
        <line num="57" count="0" type="stmt"/>
        <line num="58" count="0" type="stmt"/>
        <line num="70" count="1" type="stmt"/>
        <line num="71" count="0" type="stmt"/>
        <line num="72" count="0" type="stmt"/>
        <line num="73" count="0" type="stmt"/>
        <line num="74" count="0" type="stmt"/>
        <line num="84" count="1" type="stmt"/>
        <line num="85" count="0" type="stmt"/>
        <line num="86" count="0" type="stmt"/>
        <line num="87" count="0" type="stmt"/>
        <line num="88" count="0" type="stmt"/>
      </file>
      <file name="reducer.ts" path="/home/runner/work/tms-ui/tms-ui/src/store/reducer.ts">
        <metrics statements="39" coveredstatements="36" conditionals="17" coveredconditionals="15" methods="4" coveredmethods="3"/>
        <line num="45" count="1" type="stmt"/>
        <line num="64" count="1" type="stmt"/>
        <line num="65" count="3" type="stmt"/>
        <line num="66" count="3" type="stmt"/>
        <line num="67" count="3" type="stmt"/>
        <line num="68" count="3" type="cond" truecount="2" falsecount="0"/>
        <line num="69" count="2" type="stmt"/>
        <line num="70" count="2" type="stmt"/>
        <line num="74" count="1" type="stmt"/>
        <line num="84" count="1" type="stmt"/>
        <line num="88" count="11" type="cond" truecount="9" falsecount="1"/>
        <line num="92" count="1" type="stmt"/>
        <line num="100" count="1" type="stmt"/>
        <line num="108" count="1" type="stmt"/>
        <line num="116" count="1" type="stmt"/>
        <line num="127" count="2" type="stmt"/>
        <line num="128" count="2" type="cond" truecount="2" falsecount="0"/>
        <line num="129" count="1" type="stmt"/>
        <line num="131" count="1" type="stmt"/>
        <line num="132" count="1" type="stmt"/>
        <line num="134" count="1" type="stmt"/>
        <line num="135" count="1" type="stmt"/>
        <line num="136" count="1" type="stmt"/>
        <line num="146" count="1" type="stmt"/>
        <line num="153" count="4" type="stmt"/>
        <line num="156" count="1" type="stmt"/>
        <line num="162" count="1" type="stmt"/>
        <line num="168" count="0" type="stmt"/>
        <line num="171" count="1" type="stmt"/>
        <line num="172" count="1" type="cond" truecount="1" falsecount="1"/>
        <line num="173" count="0" type="stmt"/>
        <line num="175" count="1" type="stmt"/>
        <line num="176" count="1" type="stmt"/>
        <line num="178" count="1" type="stmt"/>
        <line num="179" count="1" type="stmt"/>
        <line num="180" count="1" type="stmt"/>
        <line num="189" count="0" type="stmt"/>
        <line num="195" count="1" type="stmt"/>
        <line num="207" count="1" type="stmt"/>
      </file>
    </package>
  </project>
</coverage>
