{"/home/runner/work/tms-ui/tms-ui/src/App.tsx": {"path":"/home/runner/work/tms-ui/tms-ui/src/App.tsx","statementMap":{"0":{"start":{"line":8,"column":8},"end":{"line":13,"column":20}}},"fnMap":{"0":{"name":"(anonymous_0)","decl":{"start":{"line":7,"column":4},"end":{"line":7,"column":5}},"loc":{"start":{"line":7,"column":13},"end":{"line":14,"column":5}},"line":7}},"branchMap":{},"s":{"0":1},"f":{"0":1},"b":{},"_coverageSchema":"1a1c01bbd47fc00a2c39e90264f33305004495a9","hash":"b88d215cb9aa00202f29fc607973801d5a6e1e51"}
,"/home/runner/work/tms-ui/tms-ui/src/index.tsx": {"path":"/home/runner/work/tms-ui/tms-ui/src/index.tsx","statementMap":{"0":{"start":{"line":16,"column":4},"end":{"line":16,"column":69}},"1":{"start":{"line":18,"column":0},"end":{"line":25,"column":2}},"2":{"start":{"line":30,"column":0},"end":{"line":30,"column":29}}},"fnMap":{},"branchMap":{},"s":{"0":0,"1":0,"2":0},"f":{},"b":{}}
,"/home/runner/work/tms-ui/tms-ui/src/reportWebVitals.ts": {"path":"/home/runner/work/tms-ui/tms-ui/src/reportWebVitals.ts","statementMap":{"0":{"start":{"line":3,"column":24},"end":{"line":13,"column":1}},"1":{"start":{"line":4,"column":2},"end":{"line":12,"column":3}},"2":{"start":{"line":5,"column":4},"end":{"line":11,"column":7}},"3":{"start":{"line":6,"column":6},"end":{"line":6,"column":26}},"4":{"start":{"line":7,"column":6},"end":{"line":7,"column":26}},"5":{"start":{"line":8,"column":6},"end":{"line":8,"column":26}},"6":{"start":{"line":9,"column":6},"end":{"line":9,"column":26}},"7":{"start":{"line":10,"column":6},"end":{"line":10,"column":27}}},"fnMap":{"0":{"name":"(anonymous_0)","decl":{"start":{"line":3,"column":24},"end":{"line":3,"column":25}},"loc":{"start":{"line":3,"column":57},"end":{"line":13,"column":1}},"line":3},"1":{"name":"(anonymous_1)","decl":{"start":{"line":5,"column":30},"end":{"line":5,"column":31}},"loc":{"start":{"line":5,"column":79},"end":{"line":11,"column":5}},"line":5}},"branchMap":{"0":{"loc":{"start":{"line":4,"column":2},"end":{"line":12,"column":3}},"type":"if","locations":[{"start":{"line":4,"column":2},"end":{"line":12,"column":3}},{"start":{},"end":{}}],"line":4},"1":{"loc":{"start":{"line":4,"column":6},"end":{"line":4,"column":52}},"type":"binary-expr","locations":[{"start":{"line":4,"column":6},"end":{"line":4,"column":17}},{"start":{"line":4,"column":21},"end":{"line":4,"column":52}}],"line":4}},"s":{"0":0,"1":0,"2":0,"3":0,"4":0,"5":0,"6":0,"7":0},"f":{"0":0,"1":0},"b":{"0":[0,0],"1":[0,0]}}
,"/home/runner/work/tms-ui/tms-ui/src/type.ts": {"path":"/home/runner/work/tms-ui/tms-ui/src/type.ts","statementMap":{"0":{"start":{"line":3,"column":31},"end":{"line":3,"column":48}},"1":{"start":{"line":4,"column":33},"end":{"line":4,"column":52}},"2":{"start":{"line":5,"column":32},"end":{"line":5,"column":50}},"3":{"start":{"line":6,"column":34},"end":{"line":6,"column":54}},"4":{"start":{"line":7,"column":24},"end":{"line":7,"column":34}},"5":{"start":{"line":8,"column":30},"end":{"line":8,"column":46}},"6":{"start":{"line":9,"column":29},"end":{"line":9,"column":44}},"7":{"start":{"line":10,"column":28},"end":{"line":10,"column":42}},"8":{"start":{"line":11,"column":31},"end":{"line":11,"column":48}},"9":{"start":{"line":12,"column":21},"end":{"line":12,"column":28}},"10":{"start":{"line":13,"column":30},"end":{"line":13,"column":46}},"11":{"start":{"line":14,"column":21},"end":{"line":14,"column":28}}},"fnMap":{},"branchMap":{},"s":{"0":2,"1":2,"2":2,"3":2,"4":2,"5":2,"6":2,"7":2,"8":2,"9":2,"10":2,"11":2},"f":{},"b":{},"_coverageSchema":"1a1c01bbd47fc00a2c39e90264f33305004495a9","hash":"f9b4170f3ccd36fd71f7d0ae9383d28e6d3e64a1"}
,"/home/runner/work/tms-ui/tms-ui/src/components/ActivityItem.tsx": {"path":"/home/runner/work/tms-ui/tms-ui/src/components/ActivityItem.tsx","statementMap":{"0":{"start":{"line":29,"column":19},"end":{"line":34,"column":5}},"1":{"start":{"line":30,"column":8},"end":{"line":32,"column":9}},"2":{"start":{"line":31,"column":12},"end":{"line":31,"column":29}},"3":{"start":{"line":33,"column":8},"end":{"line":33,"column":53}},"4":{"start":{"line":36,"column":17},"end":{"line":42,"column":5}},"5":{"start":{"line":37,"column":28},"end":{"line":40,"column":9}},"6":{"start":{"line":41,"column":8},"end":{"line":41,"column":33}},"7":{"start":{"line":44,"column":16},"end":{"line":47,"column":5}},"8":{"start":{"line":45,"column":8},"end":{"line":46,"column":84}},"9":{"start":{"line":50,"column":8},"end":{"line":86,"column":20}},"10":{"start":{"line":77,"column":45},"end":{"line":77,"column":71}},"11":{"start":{"line":83,"column":48},"end":{"line":83,"column":94}}},"fnMap":{"0":{"name":"(anonymous_0)","decl":{"start":{"line":29,"column":19},"end":{"line":29,"column":20}},"loc":{"start":{"line":29,"column":38},"end":{"line":34,"column":5}},"line":29},"1":{"name":"(anonymous_1)","decl":{"start":{"line":36,"column":17},"end":{"line":36,"column":18}},"loc":{"start":{"line":36,"column":39},"end":{"line":42,"column":5}},"line":36},"2":{"name":"(anonymous_2)","decl":{"start":{"line":44,"column":16},"end":{"line":44,"column":17}},"loc":{"start":{"line":44,"column":22},"end":{"line":47,"column":5}},"line":44},"3":{"name":"(anonymous_3)","decl":{"start":{"line":49,"column":4},"end":{"line":49,"column":5}},"loc":{"start":{"line":49,"column":13},"end":{"line":87,"column":5}},"line":49},"4":{"name":"(anonymous_4)","decl":{"start":{"line":77,"column":40},"end":{"line":77,"column":41}},"loc":{"start":{"line":77,"column":45},"end":{"line":77,"column":71}},"line":77},"5":{"name":"(anonymous_5)","decl":{"start":{"line":83,"column":37},"end":{"line":83,"column":38}},"loc":{"start":{"line":83,"column":48},"end":{"line":83,"column":94}},"line":83}},"branchMap":{"0":{"loc":{"start":{"line":30,"column":8},"end":{"line":32,"column":9}},"type":"if","locations":[{"start":{"line":30,"column":8},"end":{"line":32,"column":9}},{"start":{},"end":{}}],"line":30},"1":{"loc":{"start":{"line":45,"column":15},"end":{"line":46,"column":84}},"type":"binary-expr","locations":[{"start":{"line":45,"column":15},"end":{"line":45,"column":78}},{"start":{"line":46,"column":19},"end":{"line":46,"column":84}}],"line":45}},"s":{"0":4,"1":4,"2":0,"3":4,"4":4,"5":1,"6":1,"7":4,"8":12,"9":4,"10":1,"11":0},"f":{"0":4,"1":1,"2":12,"3":4,"4":1,"5":0},"b":{"0":[0,4],"1":[12,12]},"_coverageSchema":"1a1c01bbd47fc00a2c39e90264f33305004495a9","hash":"7d5b7db8ce3ad309b1ef0c268eaea8e6402229db"}
,"/home/runner/work/tms-ui/tms-ui/src/components/ActivityList.tsx": {"path":"/home/runner/work/tms-ui/tms-ui/src/components/ActivityList.tsx","statementMap":{"0":{"start":{"line":50,"column":8},"end":{"line":50,"column":21}},"1":{"start":{"line":51,"column":8},"end":{"line":52,"column":9}},"2":{"start":{"line":56,"column":8},"end":{"line":56,"column":37}},"3":{"start":{"line":63,"column":8},"end":{"line":65,"column":9}},"4":{"start":{"line":64,"column":12},"end":{"line":64,"column":41}},"5":{"start":{"line":68,"column":8},"end":{"line":99,"column":20}},"6":{"start":{"line":86,"column":20},"end":{"line":92,"column":22}}},"fnMap":{"0":{"name":"(anonymous_0)","decl":{"start":{"line":49,"column":4},"end":{"line":49,"column":5}},"loc":{"start":{"line":49,"column":30},"end":{"line":53,"column":5}},"line":49},"1":{"name":"(anonymous_1)","decl":{"start":{"line":55,"column":4},"end":{"line":55,"column":5}},"loc":{"start":{"line":55,"column":24},"end":{"line":57,"column":5}},"line":55},"2":{"name":"(anonymous_2)","decl":{"start":{"line":62,"column":4},"end":{"line":62,"column":5}},"loc":{"start":{"line":62,"column":107},"end":{"line":66,"column":5}},"line":62},"3":{"name":"(anonymous_3)","decl":{"start":{"line":67,"column":4},"end":{"line":67,"column":5}},"loc":{"start":{"line":67,"column":13},"end":{"line":100,"column":5}},"line":67},"4":{"name":"(anonymous_4)","decl":{"start":{"line":85,"column":79},"end":{"line":85,"column":80}},"loc":{"start":{"line":86,"column":20},"end":{"line":92,"column":22}},"line":86}},"branchMap":{"0":{"loc":{"start":{"line":63,"column":8},"end":{"line":65,"column":9}},"type":"if","locations":[{"start":{"line":63,"column":8},"end":{"line":65,"column":9}},{"start":{},"end":{}}],"line":63},"1":{"loc":{"start":{"line":63,"column":12},"end":{"line":63,"column":81}},"type":"binary-expr","locations":[{"start":{"line":63,"column":12},"end":{"line":63,"column":32}},{"start":{"line":63,"column":37},"end":{"line":63,"column":80}}],"line":63},"2":{"loc":{"start":{"line":78,"column":17},"end":{"line":83,"column":49}},"type":"binary-expr","locations":[{"start":{"line":78,"column":17},"end":{"line":78,"column":41}},{"start":{"line":79,"column":20},"end":{"line":83,"column":49}}],"line":78},"3":{"loc":{"start":{"line":85,"column":17},"end":{"line":93,"column":17}},"type":"binary-expr","locations":[{"start":{"line":85,"column":17},"end":{"line":85,"column":49}},{"start":{"line":85,"column":53},"end":{"line":93,"column":17}}],"line":85},"4":{"loc":{"start":{"line":95,"column":17},"end":{"line":96,"column":68}},"type":"binary-expr","locations":[{"start":{"line":95,"column":17},"end":{"line":95,"column":51}},{"start":{"line":95,"column":55},"end":{"line":95,"column":80}},{"start":{"line":96,"column":16},"end":{"line":96,"column":68}}],"line":95}},"s":{"0":3,"1":3,"2":0,"3":0,"4":0,"5":3,"6":1},"f":{"0":3,"1":0,"2":0,"3":3,"4":1},"b":{"0":[0,0],"1":[0,0],"2":[3,0],"3":[3,1],"4":[3,2,2]},"_coverageSchema":"1a1c01bbd47fc00a2c39e90264f33305004495a9","hash":"e08d684686831ed51100a7a9cbd417b09696d04a"}
,"/home/runner/work/tms-ui/tms-ui/src/components/Body.tsx": {"path":"/home/runner/work/tms-ui/tms-ui/src/components/Body.tsx","statementMap":{"0":{"start":{"line":22,"column":8},"end":{"line":22,"column":21}},"1":{"start":{"line":23,"column":8},"end":{"line":25,"column":9}},"2":{"start":{"line":29,"column":8},"end":{"line":31,"column":9}},"3":{"start":{"line":30,"column":12},"end":{"line":30,"column":40}},"4":{"start":{"line":38,"column":8},"end":{"line":40,"column":9}},"5":{"start":{"line":39,"column":12},"end":{"line":39,"column":46}},"6":{"start":{"line":44,"column":8},"end":{"line":59,"column":20}}},"fnMap":{"0":{"name":"(anonymous_0)","decl":{"start":{"line":21,"column":4},"end":{"line":21,"column":5}},"loc":{"start":{"line":21,"column":30},"end":{"line":26,"column":5}},"line":21},"1":{"name":"(anonymous_1)","decl":{"start":{"line":28,"column":4},"end":{"line":28,"column":5}},"loc":{"start":{"line":28,"column":24},"end":{"line":32,"column":5}},"line":28},"2":{"name":"(anonymous_2)","decl":{"start":{"line":37,"column":4},"end":{"line":37,"column":5}},"loc":{"start":{"line":37,"column":99},"end":{"line":41,"column":5}},"line":37},"3":{"name":"(anonymous_3)","decl":{"start":{"line":43,"column":4},"end":{"line":43,"column":5}},"loc":{"start":{"line":43,"column":13},"end":{"line":61,"column":5}},"line":43}},"branchMap":{"0":{"loc":{"start":{"line":29,"column":8},"end":{"line":31,"column":9}},"type":"if","locations":[{"start":{"line":29,"column":8},"end":{"line":31,"column":9}},{"start":{},"end":{}}],"line":29},"1":{"loc":{"start":{"line":38,"column":8},"end":{"line":40,"column":9}},"type":"if","locations":[{"start":{"line":38,"column":8},"end":{"line":40,"column":9}},{"start":{},"end":{}}],"line":38},"2":{"loc":{"start":{"line":38,"column":12},"end":{"line":38,"column":81}},"type":"binary-expr","locations":[{"start":{"line":38,"column":12},"end":{"line":38,"column":32}},{"start":{"line":38,"column":37},"end":{"line":38,"column":80}}],"line":38},"3":{"loc":{"start":{"line":46,"column":17},"end":{"line":51,"column":45}},"type":"binary-expr","locations":[{"start":{"line":46,"column":17},"end":{"line":46,"column":39}},{"start":{"line":47,"column":16},"end":{"line":51,"column":45}}],"line":46},"4":{"loc":{"start":{"line":53,"column":17},"end":{"line":57,"column":22}},"type":"binary-expr","locations":[{"start":{"line":53,"column":17},"end":{"line":53,"column":38}},{"start":{"line":54,"column":16},"end":{"line":57,"column":22}}],"line":53}},"s":{"0":0,"1":0,"2":0,"3":0,"4":0,"5":0,"6":0},"f":{"0":0,"1":0,"2":0,"3":0},"b":{"0":[0,0],"1":[0,0],"2":[0,0],"3":[0,0],"4":[0,0]},"_coverageSchema":"1a1c01bbd47fc00a2c39e90264f33305004495a9","hash":"fd1493e67520bbf94cc1c5c087a080bb248f91ed"}
,"/home/runner/work/tms-ui/tms-ui/src/components/Header.tsx": {"path":"/home/runner/work/tms-ui/tms-ui/src/components/Header.tsx","statementMap":{"0":{"start":{"line":19,"column":8},"end":{"line":19,"column":21}},"1":{"start":{"line":20,"column":8},"end":{"line":21,"column":9}},"2":{"start":{"line":25,"column":8},"end":{"line":35,"column":20}}},"fnMap":{"0":{"name":"(anonymous_0)","decl":{"start":{"line":18,"column":4},"end":{"line":18,"column":5}},"loc":{"start":{"line":18,"column":30},"end":{"line":22,"column":5}},"line":18},"1":{"name":"(anonymous_1)","decl":{"start":{"line":24,"column":4},"end":{"line":24,"column":5}},"loc":{"start":{"line":24,"column":13},"end":{"line":36,"column":5}},"line":24}},"branchMap":{"0":{"loc":{"start":{"line":32,"column":39},"end":{"line":32,"column":100}},"type":"binary-expr","locations":[{"start":{"line":32,"column":39},"end":{"line":32,"column":65}},{"start":{"line":32,"column":69},"end":{"line":32,"column":100}}],"line":32}},"s":{"0":0,"1":0,"2":0},"f":{"0":0,"1":0},"b":{"0":[0,0]},"_coverageSchema":"1a1c01bbd47fc00a2c39e90264f33305004495a9","hash":"8b90736020074b6906d9047bcd46f0f42e0fb44d"}
,"/home/runner/work/tms-ui/tms-ui/src/components/NewActivity.tsx": {"path":"/home/runner/work/tms-ui/tms-ui/src/components/NewActivity.tsx","statementMap":{"0":{"start":{"line":60,"column":8},"end":{"line":68,"column":9}},"1":{"start":{"line":61,"column":29},"end":{"line":61,"column":70}},"2":{"start":{"line":62,"column":12},"end":{"line":67,"column":13}},"3":{"start":{"line":63,"column":16},"end":{"line":63,"column":112}},"4":{"start":{"line":65,"column":16},"end":{"line":65,"column":120}},"5":{"start":{"line":72,"column":8},"end":{"line":72,"column":21}},"6":{"start":{"line":73,"column":8},"end":{"line":73,"column":41}},"7":{"start":{"line":75,"column":8},"end":{"line":81,"column":9}},"8":{"start":{"line":87,"column":21},"end":{"line":97,"column":5}},"9":{"start":{"line":88,"column":30},"end":{"line":92,"column":9}},"10":{"start":{"line":94,"column":8},"end":{"line":94,"column":39}},"11":{"start":{"line":95,"column":8},"end":{"line":95,"column":25}},"12":{"start":{"line":96,"column":8},"end":{"line":96,"column":32}},"13":{"start":{"line":103,"column":19},"end":{"line":105,"column":5}},"14":{"start":{"line":104,"column":8},"end":{"line":104,"column":32}},"15":{"start":{"line":111,"column":13},"end":{"line":116,"column":5}},"16":{"start":{"line":112,"column":33},"end":{"line":112,"column":59}},"17":{"start":{"line":113,"column":8},"end":{"line":115,"column":11}},"18":{"start":{"line":122,"column":21},"end":{"line":126,"column":5}},"19":{"start":{"line":123,"column":8},"end":{"line":125,"column":11}},"20":{"start":{"line":132,"column":21},"end":{"line":144,"column":5}},"21":{"start":{"line":134,"column":8},"end":{"line":138,"column":9}},"22":{"start":{"line":135,"column":12},"end":{"line":135,"column":43}},"23":{"start":{"line":137,"column":12},"end":{"line":137,"column":31}},"24":{"start":{"line":139,"column":18},"end":{"line":139,"column":23}},"25":{"start":{"line":140,"column":8},"end":{"line":142,"column":9}},"26":{"start":{"line":141,"column":12},"end":{"line":141,"column":23}},"27":{"start":{"line":143,"column":8},"end":{"line":143,"column":45}},"28":{"start":{"line":149,"column":28},"end":{"line":153,"column":5}},"29":{"start":{"line":150,"column":8},"end":{"line":152,"column":11}},"30":{"start":{"line":158,"column":19},"end":{"line":169,"column":5}},"31":{"start":{"line":159,"column":8},"end":{"line":168,"column":10}},"32":{"start":{"line":166,"column":36},"end":{"line":166,"column":69}},"33":{"start":{"line":176,"column":21},"end":{"line":190,"column":5}},"34":{"start":{"line":177,"column":8},"end":{"line":189,"column":10}},"35":{"start":{"line":183,"column":39},"end":{"line":183,"column":68}},"36":{"start":{"line":193,"column":8},"end":{"line":261,"column":20}},"37":{"start":{"line":218,"column":56},"end":{"line":218,"column":91}},"38":{"start":{"line":235,"column":60},"end":{"line":235,"column":81}},"39":{"start":{"line":238,"column":56},"end":{"line":238,"column":88}},"40":{"start":{"line":244,"column":54},"end":{"line":244,"column":87}}},"fnMap":{"0":{"name":"(anonymous_0)","decl":{"start":{"line":59,"column":4},"end":{"line":59,"column":5}},"loc":{"start":{"line":59,"column":106},"end":{"line":69,"column":5}},"line":59},"1":{"name":"(anonymous_1)","decl":{"start":{"line":71,"column":4},"end":{"line":71,"column":5}},"loc":{"start":{"line":71,"column":30},"end":{"line":82,"column":5}},"line":71},"2":{"name":"(anonymous_2)","decl":{"start":{"line":87,"column":21},"end":{"line":87,"column":22}},"loc":{"start":{"line":87,"column":28},"end":{"line":97,"column":5}},"line":87},"3":{"name":"(anonymous_3)","decl":{"start":{"line":103,"column":19},"end":{"line":103,"column":20}},"loc":{"start":{"line":103,"column":37},"end":{"line":105,"column":5}},"line":103},"4":{"name":"(anonymous_4)","decl":{"start":{"line":111,"column":13},"end":{"line":111,"column":14}},"loc":{"start":{"line":111,"column":20},"end":{"line":116,"column":5}},"line":111},"5":{"name":"(anonymous_5)","decl":{"start":{"line":122,"column":21},"end":{"line":122,"column":22}},"loc":{"start":{"line":122,"column":39},"end":{"line":126,"column":5}},"line":122},"6":{"name":"(anonymous_6)","decl":{"start":{"line":132,"column":21},"end":{"line":132,"column":22}},"loc":{"start":{"line":132,"column":46},"end":{"line":144,"column":5}},"line":132},"7":{"name":"(anonymous_7)","decl":{"start":{"line":149,"column":28},"end":{"line":149,"column":29}},"loc":{"start":{"line":149,"column":44},"end":{"line":153,"column":5}},"line":149},"8":{"name":"(anonymous_8)","decl":{"start":{"line":158,"column":19},"end":{"line":158,"column":20}},"loc":{"start":{"line":158,"column":25},"end":{"line":169,"column":5}},"line":158},"9":{"name":"(anonymous_9)","decl":{"start":{"line":166,"column":29},"end":{"line":166,"column":30}},"loc":{"start":{"line":166,"column":36},"end":{"line":166,"column":69}},"line":166},"10":{"name":"(anonymous_10)","decl":{"start":{"line":176,"column":21},"end":{"line":176,"column":22}},"loc":{"start":{"line":176,"column":41},"end":{"line":190,"column":5}},"line":176},"11":{"name":"(anonymous_11)","decl":{"start":{"line":183,"column":32},"end":{"line":183,"column":33}},"loc":{"start":{"line":183,"column":39},"end":{"line":183,"column":68}},"line":183},"12":{"name":"(anonymous_12)","decl":{"start":{"line":192,"column":4},"end":{"line":192,"column":5}},"loc":{"start":{"line":192,"column":13},"end":{"line":262,"column":5}},"line":192},"13":{"name":"(anonymous_13)","decl":{"start":{"line":218,"column":49},"end":{"line":218,"column":50}},"loc":{"start":{"line":218,"column":56},"end":{"line":218,"column":91}},"line":218},"14":{"name":"(anonymous_14)","decl":{"start":{"line":235,"column":53},"end":{"line":235,"column":54}},"loc":{"start":{"line":235,"column":60},"end":{"line":235,"column":81}},"line":235},"15":{"name":"(anonymous_15)","decl":{"start":{"line":238,"column":50},"end":{"line":238,"column":51}},"loc":{"start":{"line":238,"column":56},"end":{"line":238,"column":88}},"line":238},"16":{"name":"(anonymous_16)","decl":{"start":{"line":244,"column":48},"end":{"line":244,"column":49}},"loc":{"start":{"line":244,"column":54},"end":{"line":244,"column":87}},"line":244}},"branchMap":{"0":{"loc":{"start":{"line":60,"column":8},"end":{"line":68,"column":9}},"type":"if","locations":[{"start":{"line":60,"column":8},"end":{"line":68,"column":9}},{"start":{},"end":{}}],"line":60},"1":{"loc":{"start":{"line":60,"column":12},"end":{"line":60,"column":111}},"type":"binary-expr","locations":[{"start":{"line":60,"column":12},"end":{"line":60,"column":42}},{"start":{"line":60,"column":47},"end":{"line":60,"column":110}}],"line":60},"2":{"loc":{"start":{"line":62,"column":12},"end":{"line":67,"column":13}},"type":"if","locations":[{"start":{"line":62,"column":12},"end":{"line":67,"column":13}},{"start":{"line":64,"column":19},"end":{"line":67,"column":13}}],"line":62},"3":{"loc":{"start":{"line":134,"column":8},"end":{"line":138,"column":9}},"type":"if","locations":[{"start":{"line":134,"column":8},"end":{"line":138,"column":9}},{"start":{"line":136,"column":15},"end":{"line":138,"column":9}}],"line":134},"4":{"loc":{"start":{"line":140,"column":8},"end":{"line":142,"column":9}},"type":"if","locations":[{"start":{"line":140,"column":8},"end":{"line":142,"column":9}},{"start":{},"end":{}}],"line":140},"5":{"loc":{"start":{"line":140,"column":12},"end":{"line":140,"column":53}},"type":"binary-expr","locations":[{"start":{"line":140,"column":12},"end":{"line":140,"column":23}},{"start":{"line":140,"column":27},"end":{"line":140,"column":53}}],"line":140},"6":{"loc":{"start":{"line":197,"column":18},"end":{"line":201,"column":47}},"type":"binary-expr","locations":[{"start":{"line":197,"column":18},"end":{"line":197,"column":45}},{"start":{"line":198,"column":16},"end":{"line":201,"column":47}}],"line":197},"7":{"loc":{"start":{"line":205,"column":20},"end":{"line":259,"column":26}},"type":"binary-expr","locations":[{"start":{"line":205,"column":20},"end":{"line":205,"column":46}},{"start":{"line":206,"column":20},"end":{"line":259,"column":26}}],"line":205},"8":{"loc":{"start":{"line":255,"column":44},"end":{"line":255,"column":110}},"type":"binary-expr","locations":[{"start":{"line":255,"column":44},"end":{"line":255,"column":68}},{"start":{"line":255,"column":72},"end":{"line":255,"column":89}},{"start":{"line":255,"column":93},"end":{"line":255,"column":110}}],"line":255}},"s":{"0":0,"1":0,"2":0,"3":0,"4":0,"5":3,"6":3,"7":3,"8":3,"9":1,"10":1,"11":1,"12":1,"13":3,"14":7,"15":3,"16":1,"17":1,"18":3,"19":2,"20":3,"21":3,"22":0,"23":3,"24":3,"25":3,"26":1,"27":3,"28":3,"29":0,"30":3,"31":3,"32":0,"33":3,"34":6,"35":0,"36":9,"37":0,"38":0,"39":0,"40":0},"f":{"0":0,"1":3,"2":1,"3":7,"4":1,"5":2,"6":3,"7":0,"8":3,"9":0,"10":6,"11":0,"12":9,"13":0,"14":0,"15":0,"16":0},"b":{"0":[0,0],"1":[0,0],"2":[0,0],"3":[0,3],"4":[1,2],"5":[3,2],"6":[9,6],"7":[9,3],"8":[3,2,1]},"_coverageSchema":"1a1c01bbd47fc00a2c39e90264f33305004495a9","hash":"c40cef52c586dcfcc598376da6d6efd93b00c6b3"}
,"/home/runner/work/tms-ui/tms-ui/src/containers/ActivityList.ts": {"path":"/home/runner/work/tms-ui/tms-ui/src/containers/ActivityList.ts","statementMap":{"0":{"start":{"line":8,"column":24},"end":{"line":12,"column":2}},"1":{"start":{"line":8,"column":51},"end":{"line":12,"column":1}},"2":{"start":{"line":14,"column":27},"end":{"line":20,"column":1}},"3":{"start":{"line":15,"column":4},"end":{"line":19,"column":5}},"4":{"start":{"line":16,"column":31},"end":{"line":16,"column":56}},"5":{"start":{"line":17,"column":37},"end":{"line":17,"column":62}},"6":{"start":{"line":18,"column":41},"end":{"line":18,"column":68}}},"fnMap":{"0":{"name":"(anonymous_0)","decl":{"start":{"line":8,"column":24},"end":{"line":8,"column":25}},"loc":{"start":{"line":8,"column":51},"end":{"line":12,"column":1}},"line":8},"1":{"name":"(anonymous_1)","decl":{"start":{"line":14,"column":27},"end":{"line":14,"column":28}},"loc":{"start":{"line":14,"column":56},"end":{"line":20,"column":1}},"line":14},"2":{"name":"(anonymous_2)","decl":{"start":{"line":16,"column":25},"end":{"line":16,"column":26}},"loc":{"start":{"line":16,"column":31},"end":{"line":16,"column":56}},"line":16},"3":{"name":"(anonymous_3)","decl":{"start":{"line":17,"column":20},"end":{"line":17,"column":21}},"loc":{"start":{"line":17,"column":37},"end":{"line":17,"column":62}},"line":17},"4":{"name":"(anonymous_4)","decl":{"start":{"line":18,"column":24},"end":{"line":18,"column":25}},"loc":{"start":{"line":18,"column":41},"end":{"line":18,"column":68}},"line":18}},"branchMap":{},"s":{"0":1,"1":0,"2":1,"3":0,"4":0,"5":0,"6":0},"f":{"0":0,"1":0,"2":0,"3":0,"4":0},"b":{},"_coverageSchema":"1a1c01bbd47fc00a2c39e90264f33305004495a9","hash":"e62c36bd30417f6d5d0267469521e89934c2e573"}
,"/home/runner/work/tms-ui/tms-ui/src/containers/Body.tsx": {"path":"/home/runner/work/tms-ui/tms-ui/src/containers/Body.tsx","statementMap":{"0":{"start":{"line":7,"column":24},"end":{"line":9,"column":2}},"1":{"start":{"line":7,"column":51},"end":{"line":9,"column":1}},"2":{"start":{"line":11,"column":27},"end":{"line":15,"column":1}},"3":{"start":{"line":12,"column":4},"end":{"line":14,"column":5}},"4":{"start":{"line":13,"column":30},"end":{"line":13,"column":53}}},"fnMap":{"0":{"name":"(anonymous_0)","decl":{"start":{"line":7,"column":24},"end":{"line":7,"column":25}},"loc":{"start":{"line":7,"column":51},"end":{"line":9,"column":1}},"line":7},"1":{"name":"(anonymous_1)","decl":{"start":{"line":11,"column":27},"end":{"line":11,"column":28}},"loc":{"start":{"line":11,"column":56},"end":{"line":15,"column":1}},"line":11},"2":{"name":"(anonymous_2)","decl":{"start":{"line":13,"column":24},"end":{"line":13,"column":25}},"loc":{"start":{"line":13,"column":30},"end":{"line":13,"column":53}},"line":13}},"branchMap":{},"s":{"0":1,"1":0,"2":1,"3":0,"4":0},"f":{"0":0,"1":0,"2":0},"b":{},"_coverageSchema":"1a1c01bbd47fc00a2c39e90264f33305004495a9","hash":"c971af85cdeb6026a06477268007c2b6cf11eb51"}
,"/home/runner/work/tms-ui/tms-ui/src/containers/Header.tsx": {"path":"/home/runner/work/tms-ui/tms-ui/src/containers/Header.tsx","statementMap":{"0":{"start":{"line":7,"column":24},"end":{"line":9,"column":2}},"1":{"start":{"line":7,"column":51},"end":{"line":9,"column":1}},"2":{"start":{"line":11,"column":27},"end":{"line":15,"column":1}},"3":{"start":{"line":12,"column":4},"end":{"line":14,"column":5}},"4":{"start":{"line":13,"column":21},"end":{"line":13,"column":36}}},"fnMap":{"0":{"name":"(anonymous_0)","decl":{"start":{"line":7,"column":24},"end":{"line":7,"column":25}},"loc":{"start":{"line":7,"column":51},"end":{"line":9,"column":1}},"line":7},"1":{"name":"(anonymous_1)","decl":{"start":{"line":11,"column":27},"end":{"line":11,"column":28}},"loc":{"start":{"line":11,"column":56},"end":{"line":15,"column":1}},"line":11},"2":{"name":"(anonymous_2)","decl":{"start":{"line":13,"column":15},"end":{"line":13,"column":16}},"loc":{"start":{"line":13,"column":21},"end":{"line":13,"column":36}},"line":13}},"branchMap":{},"s":{"0":1,"1":0,"2":1,"3":0,"4":0},"f":{"0":0,"1":0,"2":0},"b":{},"_coverageSchema":"1a1c01bbd47fc00a2c39e90264f33305004495a9","hash":"f14f2ea79899bb59365788f4d22bbb3837a6a694"}
,"/home/runner/work/tms-ui/tms-ui/src/containers/NewActivity.ts": {"path":"/home/runner/work/tms-ui/tms-ui/src/containers/NewActivity.ts","statementMap":{"0":{"start":{"line":8,"column":24},"end":{"line":12,"column":2}},"1":{"start":{"line":8,"column":51},"end":{"line":12,"column":1}},"2":{"start":{"line":14,"column":27},"end":{"line":18,"column":1}},"3":{"start":{"line":15,"column":4},"end":{"line":17,"column":5}},"4":{"start":{"line":16,"column":41},"end":{"line":16,"column":65}}},"fnMap":{"0":{"name":"(anonymous_0)","decl":{"start":{"line":8,"column":24},"end":{"line":8,"column":25}},"loc":{"start":{"line":8,"column":51},"end":{"line":12,"column":1}},"line":8},"1":{"name":"(anonymous_1)","decl":{"start":{"line":14,"column":27},"end":{"line":14,"column":28}},"loc":{"start":{"line":14,"column":56},"end":{"line":18,"column":1}},"line":14},"2":{"name":"(anonymous_2)","decl":{"start":{"line":16,"column":24},"end":{"line":16,"column":25}},"loc":{"start":{"line":16,"column":41},"end":{"line":16,"column":65}},"line":16}},"branchMap":{},"s":{"0":1,"1":0,"2":1,"3":0,"4":0},"f":{"0":0,"1":0,"2":0},"b":{},"_coverageSchema":"1a1c01bbd47fc00a2c39e90264f33305004495a9","hash":"0f1fe479169201d8f2a843c5ba6a60b3c90ed29a"}
,"/home/runner/work/tms-ui/tms-ui/src/store/actionCreators.ts": {"path":"/home/runner/work/tms-ui/tms-ui/src/store/actionCreators.ts","statementMap":{"0":{"start":{"line":24,"column":27},"end":{"line":29,"column":1}},"1":{"start":{"line":25,"column":4},"end":{"line":25,"column":37}},"2":{"start":{"line":26,"column":4},"end":{"line":28,"column":68}},"3":{"start":{"line":27,"column":35},"end":{"line":27,"column":81}},"4":{"start":{"line":28,"column":25},"end":{"line":28,"column":67}},"5":{"start":{"line":39,"column":31},"end":{"line":45,"column":1}},"6":{"start":{"line":40,"column":4},"end":{"line":40,"column":39}},"7":{"start":{"line":41,"column":4},"end":{"line":44,"column":68}},"8":{"start":{"line":43,"column":37},"end":{"line":43,"column":101}},"9":{"start":{"line":44,"column":25},"end":{"line":44,"column":67}},"10":{"start":{"line":55,"column":28},"end":{"line":60,"column":1}},"11":{"start":{"line":56,"column":4},"end":{"line":56,"column":57}},"12":{"start":{"line":57,"column":4},"end":{"line":59,"column":68}},"13":{"start":{"line":58,"column":35},"end":{"line":58,"column":82}},"14":{"start":{"line":59,"column":25},"end":{"line":59,"column":67}},"15":{"start":{"line":71,"column":30},"end":{"line":76,"column":1}},"16":{"start":{"line":72,"column":4},"end":{"line":72,"column":59}},"17":{"start":{"line":73,"column":4},"end":{"line":75,"column":68}},"18":{"start":{"line":74,"column":35},"end":{"line":74,"column":84}},"19":{"start":{"line":75,"column":25},"end":{"line":75,"column":67}},"20":{"start":{"line":85,"column":21},"end":{"line":90,"column":1}},"21":{"start":{"line":86,"column":4},"end":{"line":86,"column":30}},"22":{"start":{"line":87,"column":4},"end":{"line":89,"column":68}},"23":{"start":{"line":88,"column":33},"end":{"line":88,"column":72}},"24":{"start":{"line":89,"column":25},"end":{"line":89,"column":67}},"25":{"start":{"line":98,"column":29},"end":{"line":102,"column":1}},"26":{"start":{"line":99,"column":4},"end":{"line":101,"column":68}},"27":{"start":{"line":100,"column":33},"end":{"line":100,"column":81}},"28":{"start":{"line":101,"column":25},"end":{"line":101,"column":67}}},"fnMap":{"0":{"name":"(anonymous_0)","decl":{"start":{"line":24,"column":27},"end":{"line":24,"column":28}},"loc":{"start":{"line":24,"column":76},"end":{"line":29,"column":1}},"line":24},"1":{"name":"(anonymous_1)","decl":{"start":{"line":27,"column":14},"end":{"line":27,"column":15}},"loc":{"start":{"line":27,"column":35},"end":{"line":27,"column":81}},"line":27},"2":{"name":"(anonymous_2)","decl":{"start":{"line":28,"column":15},"end":{"line":28,"column":16}},"loc":{"start":{"line":28,"column":25},"end":{"line":28,"column":67}},"line":28},"3":{"name":"(anonymous_3)","decl":{"start":{"line":39,"column":31},"end":{"line":39,"column":32}},"loc":{"start":{"line":39,"column":60},"end":{"line":45,"column":1}},"line":39},"4":{"name":"(anonymous_4)","decl":{"start":{"line":43,"column":14},"end":{"line":43,"column":15}},"loc":{"start":{"line":43,"column":37},"end":{"line":43,"column":101}},"line":43},"5":{"name":"(anonymous_5)","decl":{"start":{"line":44,"column":15},"end":{"line":44,"column":16}},"loc":{"start":{"line":44,"column":25},"end":{"line":44,"column":67}},"line":44},"6":{"name":"(anonymous_6)","decl":{"start":{"line":55,"column":28},"end":{"line":55,"column":29}},"loc":{"start":{"line":55,"column":77},"end":{"line":60,"column":1}},"line":55},"7":{"name":"(anonymous_7)","decl":{"start":{"line":58,"column":14},"end":{"line":58,"column":15}},"loc":{"start":{"line":58,"column":35},"end":{"line":58,"column":82}},"line":58},"8":{"name":"(anonymous_8)","decl":{"start":{"line":59,"column":15},"end":{"line":59,"column":16}},"loc":{"start":{"line":59,"column":25},"end":{"line":59,"column":67}},"line":59},"9":{"name":"(anonymous_9)","decl":{"start":{"line":71,"column":30},"end":{"line":71,"column":31}},"loc":{"start":{"line":71,"column":79},"end":{"line":76,"column":1}},"line":71},"10":{"name":"(anonymous_10)","decl":{"start":{"line":74,"column":14},"end":{"line":74,"column":15}},"loc":{"start":{"line":74,"column":35},"end":{"line":74,"column":84}},"line":74},"11":{"name":"(anonymous_11)","decl":{"start":{"line":75,"column":15},"end":{"line":75,"column":16}},"loc":{"start":{"line":75,"column":25},"end":{"line":75,"column":67}},"line":75},"12":{"name":"(anonymous_12)","decl":{"start":{"line":85,"column":21},"end":{"line":85,"column":22}},"loc":{"start":{"line":85,"column":50},"end":{"line":90,"column":1}},"line":85},"13":{"name":"(anonymous_13)","decl":{"start":{"line":88,"column":14},"end":{"line":88,"column":15}},"loc":{"start":{"line":88,"column":33},"end":{"line":88,"column":72}},"line":88},"14":{"name":"(anonymous_14)","decl":{"start":{"line":89,"column":15},"end":{"line":89,"column":16}},"loc":{"start":{"line":89,"column":25},"end":{"line":89,"column":67}},"line":89},"15":{"name":"(anonymous_15)","decl":{"start":{"line":98,"column":29},"end":{"line":98,"column":30}},"loc":{"start":{"line":98,"column":58},"end":{"line":102,"column":1}},"line":98},"16":{"name":"(anonymous_16)","decl":{"start":{"line":100,"column":14},"end":{"line":100,"column":15}},"loc":{"start":{"line":100,"column":33},"end":{"line":100,"column":81}},"line":100},"17":{"name":"(anonymous_17)","decl":{"start":{"line":101,"column":15},"end":{"line":101,"column":16}},"loc":{"start":{"line":101,"column":25},"end":{"line":101,"column":67}},"line":101}},"branchMap":{"0":{"loc":{"start":{"line":43,"column":78},"end":{"line":43,"column":97}},"type":"cond-expr","locations":[{"start":{"line":43,"column":87},"end":{"line":43,"column":89}},{"start":{"line":43,"column":92},"end":{"line":43,"column":97}}],"line":43}},"s":{"0":1,"1":0,"2":0,"3":0,"4":0,"5":1,"6":0,"7":0,"8":0,"9":0,"10":1,"11":0,"12":0,"13":0,"14":0,"15":1,"16":0,"17":0,"18":0,"19":0,"20":1,"21":0,"22":0,"23":0,"24":0,"25":1,"26":0,"27":0,"28":0},"f":{"0":0,"1":0,"2":0,"3":0,"4":0,"5":0,"6":0,"7":0,"8":0,"9":0,"10":0,"11":0,"12":0,"13":0,"14":0,"15":0,"16":0,"17":0},"b":{"0":[0,0]},"_coverageSchema":"1a1c01bbd47fc00a2c39e90264f33305004495a9","hash":"78820ef4aacfdd0e28479e33f5727a640d8fdc38"}
,"/home/runner/work/tms-ui/tms-ui/src/store/reducer.ts": {"path":"/home/runner/work/tms-ui/tms-ui/src/store/reducer.ts","statementMap":{"0":{"start":{"line":46,"column":43},"end":{"line":57,"column":1}},"1":{"start":{"line":65,"column":26},"end":{"line":76,"column":1}},"2":{"start":{"line":66,"column":16},"end":{"line":66,"column":18}},"3":{"start":{"line":67,"column":4},"end":{"line":74,"column":5}},"4":{"start":{"line":67,"column":17},"end":{"line":67,"column":18}},"5":{"start":{"line":68,"column":18},"end":{"line":68,"column":37}},"6":{"start":{"line":69,"column":8},"end":{"line":73,"column":9}},"7":{"start":{"line":70,"column":12},"end":{"line":70,"column":22}},"8":{"start":{"line":71,"column":12},"end":{"line":71,"column":25}},"9":{"start":{"line":75,"column":4},"end":{"line":75,"column":17}},"10":{"start":{"line":85,"column":16},"end":{"line":210,"column":1}},"11":{"start":{"line":89,"column":4},"end":{"line":208,"column":5}},"12":{"start":{"line":93,"column":12},"end":{"line":99,"column":13}},"13":{"start":{"line":101,"column":12},"end":{"line":107,"column":13}},"14":{"start":{"line":109,"column":12},"end":{"line":115,"column":13}},"15":{"start":{"line":117,"column":12},"end":{"line":123,"column":13}},"16":{"start":{"line":128,"column":24},"end":{"line":128,"column":68}},"17":{"start":{"line":129,"column":12},"end":{"line":131,"column":13}},"18":{"start":{"line":130,"column":16},"end":{"line":130,"column":28}},"19":{"start":{"line":132,"column":22},"end":{"line":132,"column":43}},"20":{"start":{"line":133,"column":12},"end":{"line":133,"column":47}},"21":{"start":{"line":135,"column":22},"end":{"line":135,"column":46}},"22":{"start":{"line":136,"column":12},"end":{"line":136,"column":72}},"23":{"start":{"line":137,"column":12},"end":{"line":145,"column":13}},"24":{"start":{"line":147,"column":12},"end":{"line":155,"column":13}},"25":{"start":{"line":154,"column":59},"end":{"line":154,"column":78}},"26":{"start":{"line":157,"column":41},"end":{"line":162,"column":13}},"27":{"start":{"line":163,"column":12},"end":{"line":170,"column":13}},"28":{"start":{"line":169,"column":80},"end":{"line":169,"column":99}},"29":{"start":{"line":172,"column":22},"end":{"line":172,"column":66}},"30":{"start":{"line":173,"column":12},"end":{"line":175,"column":13}},"31":{"start":{"line":174,"column":16},"end":{"line":174,"column":28}},"32":{"start":{"line":176,"column":27},"end":{"line":176,"column":48}},"33":{"start":{"line":177,"column":12},"end":{"line":177,"column":34}},"34":{"start":{"line":179,"column":22},"end":{"line":179,"column":48}},"35":{"start":{"line":180,"column":12},"end":{"line":180,"column":74}},"36":{"start":{"line":181,"column":12},"end":{"line":188,"column":13}},"37":{"start":{"line":191,"column":12},"end":{"line":194,"column":13}},"38":{"start":{"line":197,"column":12},"end":{"line":207,"column":13}},"39":{"start":{"line":209,"column":4},"end":{"line":209,"column":16}}},"fnMap":{"0":{"name":"(anonymous_0)","decl":{"start":{"line":65,"column":26},"end":{"line":65,"column":27}},"loc":{"start":{"line":65,"column":64},"end":{"line":76,"column":1}},"line":65},"1":{"name":"(anonymous_1)","decl":{"start":{"line":85,"column":16},"end":{"line":85,"column":17}},"loc":{"start":{"line":88,"column":20},"end":{"line":210,"column":1}},"line":88},"2":{"name":"(anonymous_2)","decl":{"start":{"line":154,"column":48},"end":{"line":154,"column":49}},"loc":{"start":{"line":154,"column":59},"end":{"line":154,"column":78}},"line":154},"3":{"name":"(anonymous_3)","decl":{"start":{"line":169,"column":69},"end":{"line":169,"column":70}},"loc":{"start":{"line":169,"column":80},"end":{"line":169,"column":99}},"line":169}},"branchMap":{"0":{"loc":{"start":{"line":69,"column":8},"end":{"line":73,"column":9}},"type":"if","locations":[{"start":{"line":69,"column":8},"end":{"line":73,"column":9}},{"start":{},"end":{}}],"line":69},"1":{"loc":{"start":{"line":86,"column":4},"end":{"line":86,"column":39}},"type":"default-arg","locations":[{"start":{"line":86,"column":27},"end":{"line":86,"column":39}}],"line":86},"2":{"loc":{"start":{"line":89,"column":4},"end":{"line":208,"column":5}},"type":"switch","locations":[{"start":{"line":92,"column":8},"end":{"line":99,"column":13}},{"start":{"line":100,"column":8},"end":{"line":107,"column":13}},{"start":{"line":108,"column":8},"end":{"line":115,"column":13}},{"start":{"line":116,"column":8},"end":{"line":123,"column":13}},{"start":{"line":127,"column":8},"end":{"line":145,"column":13}},{"start":{"line":146,"column":8},"end":{"line":155,"column":13}},{"start":{"line":156,"column":8},"end":{"line":170,"column":13}},{"start":{"line":171,"column":8},"end":{"line":188,"column":13}},{"start":{"line":189,"column":8},"end":{"line":189,"column":19}},{"start":{"line":190,"column":8},"end":{"line":194,"column":13}},{"start":{"line":196,"column":8},"end":{"line":207,"column":13}}],"line":89},"3":{"loc":{"start":{"line":129,"column":12},"end":{"line":131,"column":13}},"type":"if","locations":[{"start":{"line":129,"column":12},"end":{"line":131,"column":13}},{"start":{},"end":{}}],"line":129},"4":{"loc":{"start":{"line":173,"column":12},"end":{"line":175,"column":13}},"type":"if","locations":[{"start":{"line":173,"column":12},"end":{"line":175,"column":13}},{"start":{},"end":{}}],"line":173}},"s":{"0":1,"1":1,"2":3,"3":3,"4":3,"5":3,"6":3,"7":2,"8":2,"9":1,"10":1,"11":11,"12":1,"13":1,"14":1,"15":1,"16":2,"17":2,"18":1,"19":1,"20":1,"21":1,"22":1,"23":1,"24":1,"25":4,"26":1,"27":1,"28":0,"29":1,"30":1,"31":0,"32":1,"33":1,"34":1,"35":1,"36":1,"37":0,"38":1,"39":1},"f":{"0":3,"1":11,"2":4,"3":0},"b":{"0":[2,1],"1":[8],"2":[1,1,1,1,2,1,1,1,0,0,1],"3":[1,1],"4":[0,1]},"_coverageSchema":"1a1c01bbd47fc00a2c39e90264f33305004495a9","hash":"84c285af50a78e49528b1ed6776c6183519efa09"}
}
