TN:
SF:src/App.tsx
FN:7,(anonymous_0)
FNF:1
FNH:1
FNDA:1,(anonymous_0)
DA:8,1
LF:1
LH:1
BRF:0
BRH:0
end_of_record
TN:
SF:src/index.tsx
FNF:0
FNH:0
DA:16,0
DA:18,0
DA:30,0
LF:3
LH:0
BRF:0
BRH:0
end_of_record
TN:
SF:src/reportWebVitals.ts
FN:3,(anonymous_0)
FN:5,(anonymous_1)
FNF:2
FNH:0
FNDA:0,(anonymous_0)
FNDA:0,(anonymous_1)
DA:3,0
DA:4,0
DA:5,0
DA:6,0
DA:7,0
DA:8,0
DA:9,0
DA:10,0
LF:8
LH:0
BRDA:4,0,0,0
BRDA:4,0,1,0
BRDA:4,1,0,0
BRDA:4,1,1,0
BRF:4
BRH:0
end_of_record
TN:
SF:src/type.ts
FNF:0
FNH:0
DA:3,4
DA:4,4
DA:5,4
DA:6,4
DA:7,4
DA:8,4
DA:9,4
DA:10,4
DA:11,4
DA:12,4
DA:13,4
DA:14,4
LF:12
LH:12
BRF:0
BRH:0
end_of_record
TN:
SF:src/components/ActivityItem.tsx
FN:29,(anonymous_0)
FN:36,(anonymous_1)
FN:44,(anonymous_2)
FN:49,(anonymous_3)
FN:77,(anonymous_4)
FN:83,(anonymous_5)
FNF:6
FNH:5
FNDA:4,(anonymous_0)
FNDA:1,(anonymous_1)
FNDA:12,(anonymous_2)
FNDA:4,(anonymous_3)
FNDA:1,(anonymous_4)
FNDA:0,(anonymous_5)
DA:29,4
DA:30,4
DA:31,0
DA:33,4
DA:36,4
DA:37,1
DA:41,1
DA:44,4
DA:45,12
DA:50,4
DA:77,1
DA:83,0
LF:12
LH:10
BRDA:30,0,0,0
BRDA:30,0,1,4
BRDA:45,1,0,12
BRDA:45,1,1,12
BRF:4
BRH:3
end_of_record
TN:
SF:src/components/ActivityList.tsx
FN:49,(anonymous_0)
FN:55,(anonymous_1)
FN:62,(anonymous_2)
FN:67,(anonymous_3)
FN:85,(anonymous_4)
FNF:5
FNH:3
FNDA:3,(anonymous_0)
FNDA:0,(anonymous_1)
FNDA:0,(anonymous_2)
FNDA:3,(anonymous_3)
FNDA:1,(anonymous_4)
DA:50,3
DA:51,3
DA:56,0
DA:63,0
DA:64,0
DA:68,3
DA:86,1
LF:7
LH:4
BRDA:63,0,0,0
BRDA:63,0,1,0
BRDA:63,1,0,0
BRDA:63,1,1,0
BRDA:78,2,0,3
BRDA:78,2,1,0
BRDA:85,3,0,3
BRDA:85,3,1,1
BRDA:95,4,0,3
BRDA:95,4,1,2
BRDA:95,4,2,2
BRF:11
BRH:6
end_of_record
TN:
SF:src/components/Body.tsx
FN:21,(anonymous_0)
FN:28,(anonymous_1)
FN:37,(anonymous_2)
FN:43,(anonymous_3)
FNF:4
FNH:0
FNDA:0,(anonymous_0)
FNDA:0,(anonymous_1)
FNDA:0,(anonymous_2)
FNDA:0,(anonymous_3)
DA:22,0
DA:23,0
DA:29,0
DA:30,0
DA:38,0
DA:39,0
DA:44,0
LF:7
LH:0
BRDA:29,0,0,0
BRDA:29,0,1,0
BRDA:38,1,0,0
BRDA:38,1,1,0
BRDA:38,2,0,0
BRDA:38,2,1,0
BRDA:46,3,0,0
BRDA:46,3,1,0
BRDA:53,4,0,0
BRDA:53,4,1,0
BRF:10
BRH:0
end_of_record
TN:
SF:src/components/Header.tsx
FN:18,(anonymous_0)
FN:24,(anonymous_1)
FNF:2
FNH:0
FNDA:0,(anonymous_0)
FNDA:0,(anonymous_1)
DA:19,0
DA:20,0
DA:25,0
LF:3
LH:0
BRDA:32,0,0,0
BRDA:32,0,1,0
BRF:2
BRH:0
end_of_record
TN:
SF:src/components/NewActivity.tsx
FN:59,(anonymous_0)
FN:71,(anonymous_1)
FN:87,(anonymous_2)
FN:103,(anonymous_3)
FN:111,(anonymous_4)
FN:122,(anonymous_5)
FN:132,(anonymous_6)
FN:149,(anonymous_7)
FN:158,(anonymous_8)
FN:166,(anonymous_9)
FN:176,(anonymous_10)
FN:183,(anonymous_11)
FN:192,(anonymous_12)
FN:218,(anonymous_13)
FN:235,(anonymous_14)
FN:238,(anonymous_15)
FN:244,(anonymous_16)
FNF:17
FNH:9
FNDA:0,(anonymous_0)
FNDA:3,(anonymous_1)
FNDA:1,(anonymous_2)
FNDA:7,(anonymous_3)
FNDA:1,(anonymous_4)
FNDA:2,(anonymous_5)
FNDA:3,(anonymous_6)
FNDA:0,(anonymous_7)
FNDA:3,(anonymous_8)
FNDA:0,(anonymous_9)
FNDA:6,(anonymous_10)
FNDA:0,(anonymous_11)
FNDA:9,(anonymous_12)
FNDA:0,(anonymous_13)
FNDA:0,(anonymous_14)
FNDA:0,(anonymous_15)
FNDA:0,(anonymous_16)
DA:60,0
DA:61,0
DA:62,0
DA:63,0
DA:65,0
DA:72,3
DA:73,3
DA:75,3
DA:87,3
DA:88,1
DA:94,1
DA:95,1
DA:96,1
DA:103,3
DA:104,7
DA:111,3
DA:112,1
DA:113,1
DA:122,3
DA:123,2
DA:132,3
DA:134,3
DA:135,0
DA:137,3
DA:139,3
DA:140,3
DA:141,1
DA:143,3
DA:149,3
DA:150,0
DA:158,3
DA:159,3
DA:166,0
DA:176,3
DA:177,6
DA:183,0
DA:193,9
DA:218,0
DA:235,0
DA:238,0
DA:244,0
LF:41
LH:28
BRDA:60,0,0,0
BRDA:60,0,1,0
BRDA:60,1,0,0
BRDA:60,1,1,0
BRDA:62,2,0,0
BRDA:62,2,1,0
BRDA:134,3,0,0
BRDA:134,3,1,3
BRDA:140,4,0,1
BRDA:140,4,1,2
BRDA:140,5,0,3
BRDA:140,5,1,2
BRDA:197,6,0,9
BRDA:197,6,1,6
BRDA:205,7,0,9
BRDA:205,7,1,3
BRDA:255,8,0,3
BRDA:255,8,1,2
BRDA:255,8,2,1
BRF:19
BRH:12
end_of_record
TN:
SF:src/containers/ActivityList.ts
FN:8,(anonymous_0)
FN:14,(anonymous_1)
FN:16,(anonymous_2)
FN:17,(anonymous_3)
FN:18,(anonymous_4)
FNF:5
FNH:0
FNDA:0,(anonymous_0)
FNDA:0,(anonymous_1)
FNDA:0,(anonymous_2)
FNDA:0,(anonymous_3)
FNDA:0,(anonymous_4)
DA:8,1
DA:14,1
DA:15,0
DA:16,0
DA:17,0
DA:18,0
LF:6
LH:2
BRF:0
BRH:0
end_of_record
TN:
SF:src/containers/Body.tsx
FN:7,(anonymous_0)
FN:11,(anonymous_1)
FN:13,(anonymous_2)
FNF:3
FNH:0
FNDA:0,(anonymous_0)
FNDA:0,(anonymous_1)
FNDA:0,(anonymous_2)
DA:7,1
DA:11,1
DA:12,0
DA:13,0
LF:4
LH:2
BRF:0
BRH:0
end_of_record
TN:
SF:src/containers/Header.tsx
FN:7,(anonymous_0)
FN:11,(anonymous_1)
FN:13,(anonymous_2)
FNF:3
FNH:0
FNDA:0,(anonymous_0)
FNDA:0,(anonymous_1)
FNDA:0,(anonymous_2)
DA:7,1
DA:11,1
DA:12,0
DA:13,0
LF:4
LH:2
BRF:0
BRH:0
end_of_record
TN:
SF:src/containers/NewActivity.ts
FN:8,(anonymous_0)
FN:14,(anonymous_1)
FN:16,(anonymous_2)
FNF:3
FNH:0
FNDA:0,(anonymous_0)
FNDA:0,(anonymous_1)
FNDA:0,(anonymous_2)
DA:8,1
DA:14,1
DA:15,0
DA:16,0
LF:4
LH:2
BRF:0
BRH:0
end_of_record
TN:
SF:src/store/actionCreators.ts
FN:24,(anonymous_0)
FN:27,(anonymous_1)
FN:28,(anonymous_2)
FN:39,(anonymous_3)
FN:43,(anonymous_4)
FN:44,(anonymous_5)
FN:55,(anonymous_6)
FN:58,(anonymous_7)
FN:59,(anonymous_8)
FN:71,(anonymous_9)
FN:74,(anonymous_10)
FN:75,(anonymous_11)
FN:85,(anonymous_12)
FN:88,(anonymous_13)
FN:89,(anonymous_14)
FN:98,(anonymous_15)
FN:100,(anonymous_16)
FN:101,(anonymous_17)
FNF:18
FNH:0
FNDA:0,(anonymous_0)
FNDA:0,(anonymous_1)
FNDA:0,(anonymous_2)
FNDA:0,(anonymous_3)
FNDA:0,(anonymous_4)
FNDA:0,(anonymous_5)
FNDA:0,(anonymous_6)
FNDA:0,(anonymous_7)
FNDA:0,(anonymous_8)
FNDA:0,(anonymous_9)
FNDA:0,(anonymous_10)
FNDA:0,(anonymous_11)
FNDA:0,(anonymous_12)
FNDA:0,(anonymous_13)
FNDA:0,(anonymous_14)
FNDA:0,(anonymous_15)
FNDA:0,(anonymous_16)
FNDA:0,(anonymous_17)
DA:24,1
DA:25,0
DA:26,0
DA:27,0
DA:28,0
DA:39,1
DA:40,0
DA:41,0
DA:43,0
DA:44,0
DA:55,1
DA:56,0
DA:57,0
DA:58,0
DA:59,0
DA:71,1
DA:72,0
DA:73,0
DA:74,0
DA:75,0
DA:85,1
DA:86,0
DA:87,0
DA:88,0
DA:89,0
DA:98,1
DA:99,0
DA:100,0
DA:101,0
LF:29
LH:6
BRDA:43,0,0,0
BRDA:43,0,1,0
BRF:2
BRH:0
end_of_record
TN:
SF:src/store/activity-reducer.ts
FN:52,(anonymous_0)
FN:72,(anonymous_1)
FN:139,(anonymous_2)
FN:154,(anonymous_3)
FNF:4
FNH:3
FNDA:3,(anonymous_0)
FNDA:10,(anonymous_1)
FNDA:4,(anonymous_2)
FNDA:0,(anonymous_3)
DA:36,1
DA:52,1
DA:53,3
DA:54,3
DA:55,3
DA:56,3
DA:57,2
DA:58,2
DA:62,1
DA:72,1
DA:76,10
DA:80,1
DA:88,1
DA:96,1
DA:104,1
DA:115,2
DA:116,2
DA:117,1
DA:119,1
DA:120,1
DA:122,1
DA:123,1
DA:124,1
DA:133,1
DA:139,4
DA:142,1
DA:148,1
DA:154,0
DA:157,1
DA:158,1
DA:159,0
DA:161,1
DA:162,1
DA:164,1
DA:165,1
DA:166,1
DA:176,1
LF:37
LH:35
BRDA:56,0,0,2
BRDA:56,0,1,1
BRDA:73,1,0,7
BRDA:76,2,0,1
BRDA:76,2,1,1
BRDA:76,2,2,1
BRDA:76,2,3,1
BRDA:76,2,4,2
BRDA:76,2,5,1
BRDA:76,2,6,1
BRDA:76,2,7,1
BRDA:116,3,0,1
BRDA:116,3,1,1
BRDA:158,4,0,0
BRDA:158,4,1,1
BRF:15
BRH:14
end_of_record
TN:
SF:src/store/error-reducer.ts
FN:28,(anonymous_0)
FNF:1
FNH:1
FNDA:2,(anonymous_0)
DA:17,1
DA:28,1
DA:32,2
DA:34,1
DA:39,1
LF:5
LH:5
BRDA:29,0,0,2
BRDA:32,1,0,1
BRDA:32,1,1,1
BRF:3
BRH:3
end_of_record
TN:
SF:src/store/index.tsx
FNF:0
FNH:0
DA:16,0
LF:1
LH:0
BRF:0
BRH:0
end_of_record
TN:
SF:src/store/login-reducer.ts
FN:25,(anonymous_0)
FNF:1
FNH:1
FNDA:1,(anonymous_0)
DA:14,1
DA:25,1
DA:29,1
DA:32,1
DA:37,0
LF:5
LH:4
BRDA:26,0,0,1
BRDA:29,1,0,0
BRDA:29,1,1,1
BRF:3
BRH:2
end_of_record
