TN:
SF:src/App.tsx
FN:7,(anonymous_0)
FNF:1
FNH:1
FNDA:1,(anonymous_0)
DA:8,1
LF:1
LH:1
BRF:0
BRH:0
end_of_record
TN:
SF:src/index.tsx
FNF:0
FNH:0
DA:16,0
DA:18,0
DA:30,0
LF:3
LH:0
BRF:0
BRH:0
end_of_record
TN:
SF:src/reportWebVitals.ts
FN:3,(anonymous_0)
FN:5,(anonymous_1)
FNF:2
FNH:0
FNDA:0,(anonymous_0)
FNDA:0,(anonymous_1)
DA:3,0
DA:4,0
DA:5,0
DA:6,0
DA:7,0
DA:8,0
DA:9,0
DA:10,0
LF:8
LH:0
BRDA:4,0,0,0
BRDA:4,0,1,0
BRDA:4,1,0,0
BRDA:4,1,1,0
BRF:4
BRH:0
end_of_record
TN:
SF:src/type.ts
FNF:0
FNH:0
DA:3,2
DA:4,2
DA:5,2
DA:6,2
DA:7,2
DA:8,2
DA:9,2
DA:10,2
DA:11,2
LF:9
LH:9
BRF:0
BRH:0
end_of_record
TN:
SF:src/components/ActivityItem.tsx
FN:29,(anonymous_0)
FN:36,(anonymous_1)
FN:44,(anonymous_2)
FN:49,(anonymous_3)
FN:77,(anonymous_4)
FN:83,(anonymous_5)
FNF:6
FNH:5
FNDA:4,(anonymous_0)
FNDA:1,(anonymous_1)
FNDA:12,(anonymous_2)
FNDA:4,(anonymous_3)
FNDA:1,(anonymous_4)
FNDA:0,(anonymous_5)
DA:29,4
DA:30,4
DA:31,0
DA:33,4
DA:36,4
DA:37,1
DA:41,1
DA:44,4
DA:45,12
DA:50,4
DA:77,1
DA:83,0
LF:12
LH:10
BRDA:30,0,0,0
BRDA:30,0,1,4
BRDA:45,1,0,12
BRDA:45,1,1,12
BRF:4
BRH:3
end_of_record
TN:
SF:src/components/ActivityList.tsx
FN:45,(anonymous_0)
FN:51,(anonymous_1)
FN:55,(anonymous_2)
FN:73,(anonymous_3)
FNF:4
FNH:3
FNDA:3,(anonymous_0)
FNDA:0,(anonymous_1)
FNDA:3,(anonymous_2)
FNDA:1,(anonymous_3)
DA:46,3
DA:47,3
DA:52,0
DA:56,3
DA:74,1
LF:5
LH:4
BRDA:66,0,0,3
BRDA:66,0,1,0
BRDA:73,1,0,3
BRDA:73,1,1,1
BRDA:83,2,0,3
BRDA:83,2,1,2
BRDA:83,2,2,2
BRF:7
BRH:6
end_of_record
TN:
SF:src/components/NewActivity.tsx
FN:59,(anonymous_0)
FN:71,(anonymous_1)
FN:87,(anonymous_2)
FN:103,(anonymous_3)
FN:111,(anonymous_4)
FN:122,(anonymous_5)
FN:132,(anonymous_6)
FN:149,(anonymous_7)
FN:158,(anonymous_8)
FN:166,(anonymous_9)
FN:176,(anonymous_10)
FN:183,(anonymous_11)
FN:192,(anonymous_12)
FN:218,(anonymous_13)
FN:235,(anonymous_14)
FN:238,(anonymous_15)
FN:244,(anonymous_16)
FNF:17
FNH:9
FNDA:0,(anonymous_0)
FNDA:3,(anonymous_1)
FNDA:1,(anonymous_2)
FNDA:7,(anonymous_3)
FNDA:1,(anonymous_4)
FNDA:2,(anonymous_5)
FNDA:3,(anonymous_6)
FNDA:0,(anonymous_7)
FNDA:3,(anonymous_8)
FNDA:0,(anonymous_9)
FNDA:6,(anonymous_10)
FNDA:0,(anonymous_11)
FNDA:9,(anonymous_12)
FNDA:0,(anonymous_13)
FNDA:0,(anonymous_14)
FNDA:0,(anonymous_15)
FNDA:0,(anonymous_16)
DA:60,0
DA:61,0
DA:62,0
DA:63,0
DA:65,0
DA:72,3
DA:73,3
DA:75,3
DA:87,3
DA:88,1
DA:94,1
DA:95,1
DA:96,1
DA:103,3
DA:104,7
DA:111,3
DA:112,1
DA:113,1
DA:122,3
DA:123,2
DA:132,3
DA:134,3
DA:135,0
DA:137,3
DA:139,3
DA:140,3
DA:141,1
DA:143,3
DA:149,3
DA:150,0
DA:158,3
DA:159,3
DA:166,0
DA:176,3
DA:177,6
DA:183,0
DA:193,9
DA:218,0
DA:235,0
DA:238,0
DA:244,0
LF:41
LH:28
BRDA:60,0,0,0
BRDA:60,0,1,0
BRDA:60,1,0,0
BRDA:60,1,1,0
BRDA:62,2,0,0
BRDA:62,2,1,0
BRDA:134,3,0,0
BRDA:134,3,1,3
BRDA:140,4,0,1
BRDA:140,4,1,2
BRDA:140,5,0,3
BRDA:140,5,1,2
BRDA:197,6,0,9
BRDA:197,6,1,6
BRDA:205,7,0,9
BRDA:205,7,1,3
BRDA:255,8,0,3
BRDA:255,8,1,2
BRDA:255,8,2,1
BRF:19
BRH:12
end_of_record
TN:
SF:src/containers/ActivityList.ts
FN:8,(anonymous_0)
FN:13,(anonymous_1)
FN:15,(anonymous_2)
FN:16,(anonymous_3)
FN:17,(anonymous_4)
FNF:5
FNH:0
FNDA:0,(anonymous_0)
FNDA:0,(anonymous_1)
FNDA:0,(anonymous_2)
FNDA:0,(anonymous_3)
FNDA:0,(anonymous_4)
DA:8,1
DA:13,1
DA:14,0
DA:15,0
DA:16,0
DA:17,0
LF:6
LH:2
BRF:0
BRH:0
end_of_record
TN:
SF:src/containers/NewActivity.ts
FN:8,(anonymous_0)
FN:14,(anonymous_1)
FN:16,(anonymous_2)
FNF:3
FNH:0
FNDA:0,(anonymous_0)
FNDA:0,(anonymous_1)
FNDA:0,(anonymous_2)
DA:8,1
DA:14,1
DA:15,0
DA:16,0
LF:4
LH:2
BRF:0
BRH:0
end_of_record
TN:
SF:src/store/actionCreators.ts
FN:21,(anonymous_0)
FN:24,(anonymous_1)
FN:25,(anonymous_2)
FN:36,(anonymous_3)
FN:40,(anonymous_4)
FN:41,(anonymous_5)
FN:52,(anonymous_6)
FN:55,(anonymous_7)
FN:56,(anonymous_8)
FN:68,(anonymous_9)
FN:71,(anonymous_10)
FN:72,(anonymous_11)
FNF:12
FNH:0
FNDA:0,(anonymous_0)
FNDA:0,(anonymous_1)
FNDA:0,(anonymous_2)
FNDA:0,(anonymous_3)
FNDA:0,(anonymous_4)
FNDA:0,(anonymous_5)
FNDA:0,(anonymous_6)
FNDA:0,(anonymous_7)
FNDA:0,(anonymous_8)
FNDA:0,(anonymous_9)
FNDA:0,(anonymous_10)
FNDA:0,(anonymous_11)
DA:21,1
DA:22,0
DA:23,0
DA:24,0
DA:25,0
DA:36,1
DA:37,0
DA:38,0
DA:40,0
DA:41,0
DA:52,1
DA:53,0
DA:54,0
DA:55,0
DA:56,0
DA:68,1
DA:69,0
DA:70,0
DA:71,0
DA:72,0
LF:20
LH:4
BRDA:40,0,0,0
BRDA:40,0,1,0
BRF:2
BRH:0
end_of_record
TN:
SF:src/store/reducer.ts
FN:58,(anonymous_0)
FN:78,(anonymous_1)
FN:147,(anonymous_2)
FN:162,(anonymous_3)
FNF:4
FNH:3
FNDA:2,(anonymous_0)
FNDA:9,(anonymous_1)
FNDA:4,(anonymous_2)
FNDA:0,(anonymous_3)
DA:41,1
DA:58,1
DA:59,2
DA:60,2
DA:61,2
DA:62,2
DA:63,1
DA:64,1
DA:68,1
DA:78,1
DA:82,9
DA:86,1
DA:94,1
DA:102,1
DA:110,0
DA:121,2
DA:122,2
DA:123,1
DA:125,1
DA:126,1
DA:128,1
DA:129,1
DA:130,1
DA:140,1
DA:147,4
DA:150,1
DA:156,1
DA:162,0
DA:165,0
DA:166,0
DA:167,0
DA:169,0
DA:170,0
DA:172,0
DA:173,0
DA:174,0
DA:185,1
DA:197,1
LF:38
LH:28
BRDA:62,0,0,1
BRDA:62,0,1,1
BRDA:79,1,0,7
BRDA:82,2,0,1
BRDA:82,2,1,1
BRDA:82,2,2,1
BRDA:82,2,3,0
BRDA:82,2,4,2
BRDA:82,2,5,1
BRDA:82,2,6,1
BRDA:82,2,7,0
BRDA:82,2,8,1
BRDA:122,3,0,1
BRDA:122,3,1,1
BRDA:166,4,0,0
BRDA:166,4,1,0
BRF:16
BRH:12
end_of_record
